<?xml version="1.0" encoding="UTF-8"?>
<!-- Generated by org.testng.reporters.JUnitReportReporter -->
<testsuite hostname="LTIN249053" failures="0" tests="5" name="TestCases.Tc_001_carLoanTest" time="5.641" errors="0" timestamp="2024-02-27T15:33:22 IST" skipped="0">
  <testcase classname="TestCases.Tc_001_carLoanTest" name="verify_car_loan" time="3.181"/>
  <system-out/>
  <testcase classname="TestCases.Tc_001_carLoanTest" name="verify_click_emi_schemes" time="0.140"/>
  <system-out/>
  <testcase classname="TestCases.Tc_001_carLoanTest" name="scroll_down" time="0.068"/>
  <system-out/>
  <testcase classname="TestCases.Tc_001_carLoanTest" name="get_monthly_principal" time="2.173"/>
  <system-out/>
  <testcase classname="TestCases.Tc_001_carLoanTest" name="get_monthly_interest" time="0.079"/>
  <system-out/>
</testsuite> <!-- TestCases.Tc_001_carLoanTest -->
