<?xml version="1.0" encoding="UTF-8"?>
<!-- Generated by org.testng.reporters.JUnitReportReporter -->
<testsuite hostname="LTIN249053" failures="0" tests="5" name="TestCases.Tc_002_homeLoanTest" time="50.843" errors="0" timestamp="2024-02-27T15:33:22 IST" skipped="0">
  <testcase classname="TestCases.Tc_002_homeLoanTest" name="verify_click_homeLoan_calculator" time="31.642"/>
  <system-out/>
  <testcase classname="TestCases.Tc_002_homeLoanTest" name="verify_home_loan" time="2.930"/>
  <system-out/>
  <testcase classname="TestCases.Tc_002_homeLoanTest" name="verify_scroll_down" time="0.075"/>
  <system-out/>
  <testcase classname="TestCases.Tc_002_homeLoanTest" name="write__table_headers" time="10.677"/>
  <system-out/>
  <testcase classname="TestCases.Tc_002_homeLoanTest" name="write_table_data" time="5.519"/>
  <system-out/>
</testsuite> <!-- TestCases.Tc_002_homeLoanTest -->
