<?xml version="1.0" encoding="UTF-8"?>
<!-- Generated by org.testng.reporters.JUnitReportReporter -->
<testsuite hostname="LTIN249053" failures="0" tests="5" name="TestCases.Tc_002_homeLoanTest" time="27.668" errors="0" timestamp="2024-02-28T14:23:35 IST" skipped="0">
  <testcase classname="TestCases.Tc_002_homeLoanTest" name="verify_click_homeLoan_calculator" time="2.639"/>
  <system-out/>
  <testcase classname="TestCases.Tc_002_homeLoanTest" name="verify_home_loan" time="2.394"/>
  <system-out/>
  <testcase classname="TestCases.Tc_002_homeLoanTest" name="verify_scroll_down" time="0.091"/>
  <system-out/>
  <testcase classname="TestCases.Tc_002_homeLoanTest" name="write__table_headers" time="12.037"/>
  <system-out/>
  <testcase classname="TestCases.Tc_002_homeLoanTest" name="write_table_data" time="10.507"/>
  <system-out/>
</testsuite> <!-- TestCases.Tc_002_homeLoanTest -->
