<?xml version="1.0" encoding="UTF-8"?>
<!-- Generated by org.testng.reporters.JUnitReportReporter -->
<testsuite hostname="LTIN249053" failures="0" tests="11" name="TestCases.Tc_003_loanTest" time="21.113" errors="0" timestamp="2024-02-27T15:33:22 IST" skipped="0">
  <testcase classname="TestCases.Tc_003_loanTest" name="verify_click_menu" time="8.384"/>
  <system-out/>
  <testcase classname="TestCases.Tc_003_loanTest" name="verify_textbox_ui_emi" time="0.235"/>
  <system-out/>
  <testcase classname="TestCases.Tc_003_loanTest" name="verify_scale_ui_emi" time="3.194"/>
  <system-out/>
  <testcase classname="TestCases.Tc_003_loanTest" name="verify_month_change_emi" time="0.685"/>
  <system-out/>
  <testcase classname="TestCases.Tc_003_loanTest" name="verify_click_loanAmount" time="0.261"/>
  <system-out/>
  <testcase classname="TestCases.Tc_003_loanTest" name="verify_textbox_ui_loanamount" time="0.197"/>
  <system-out/>
  <testcase classname="TestCases.Tc_003_loanTest" name="verify_scale_ui_loanamount" time="3.316"/>
  <system-out/>
  <testcase classname="TestCases.Tc_003_loanTest" name="verify_month_change_loanamount" time="1.010"/>
  <system-out/>
  <testcase classname="TestCases.Tc_003_loanTest" name="verify_click_loanTenure" time="0.195"/>
  <system-out/>
  <testcase classname="TestCases.Tc_003_loanTest" name="verify_textbox_ui_loantenure" time="0.189"/>
  <system-out/>
  <testcase classname="TestCases.Tc_003_loanTest" name="verify_scale_ui_loantenure" time="3.447"/>
  <system-out/>
</testsuite> <!-- TestCases.Tc_003_loanTest -->
