<?xml version="1.0" encoding="UTF-8"?>
<!-- Generated by org.testng.reporters.JUnitReportReporter -->
<testsuite hostname="LTIN249053" failures="0" tests="11" name="TestCases.Tc_003_loanTest" time="16.293" errors="0" timestamp="2024-02-28T14:23:35 IST" skipped="0">
  <testcase classname="TestCases.Tc_003_loanTest" name="verify_click_menu" time="2.263"/>
  <system-out/>
  <testcase classname="TestCases.Tc_003_loanTest" name="verify_textbox_ui_emi" time="0.302"/>
  <system-out/>
  <testcase classname="TestCases.Tc_003_loanTest" name="verify_scale_ui_emi" time="3.441"/>
  <system-out/>
  <testcase classname="TestCases.Tc_003_loanTest" name="verify_month_change_emi" time="0.918"/>
  <system-out/>
  <testcase classname="TestCases.Tc_003_loanTest" name="verify_click_loanAmount" time="0.331"/>
  <system-out/>
  <testcase classname="TestCases.Tc_003_loanTest" name="verify_textbox_ui_loanamount" time="0.313"/>
  <system-out/>
  <testcase classname="TestCases.Tc_003_loanTest" name="verify_scale_ui_loanamount" time="3.221"/>
  <system-out/>
  <testcase classname="TestCases.Tc_003_loanTest" name="verify_month_change_loanamount" time="1.152"/>
  <system-out/>
  <testcase classname="TestCases.Tc_003_loanTest" name="verify_click_loanTenure" time="0.377"/>
  <system-out/>
  <testcase classname="TestCases.Tc_003_loanTest" name="verify_textbox_ui_loantenure" time="0.380"/>
  <system-out/>
  <testcase classname="TestCases.Tc_003_loanTest" name="verify_scale_ui_loantenure" time="3.595"/>
  <system-out/>
</testsuite> <!-- TestCases.Tc_003_loanTest -->
