<?xml version="1.0" encoding="UTF-8"?>
<!-- Generated by org.testng.reporters.JUnitReportReporter -->
<testsuite hostname="LTIN249053" failures="0" tests="5" name="TestCases.Tc_001_carLoanTest" time="5.383" errors="0" timestamp="2024-02-28T14:23:35 IST" skipped="0">
  <testcase classname="TestCases.Tc_001_carLoanTest" name="verify_car_loan" time="2.650"/>
  <system-out/>
  <testcase classname="TestCases.Tc_001_carLoanTest" name="verify_click_emi_schemes" time="0.400"/>
  <system-out/>
  <testcase classname="TestCases.Tc_001_carLoanTest" name="scroll_down" time="0.103"/>
  <system-out/>
  <testcase classname="TestCases.Tc_001_carLoanTest" name="get_monthly_principal" time="2.171"/>
  <system-out/>
  <testcase classname="TestCases.Tc_001_carLoanTest" name="get_monthly_interest" time="0.059"/>
  <system-out/>
</testsuite> <!-- TestCases.Tc_001_carLoanTest -->
