<?xml version="1.0" encoding="UTF-8"?>
<!-- Generated by org.testng.reporters.JUnitReportReporter -->
<testsuite hostname="LTIN249053" failures="0" tests="4" name="TestCases.Tc_001_homePageTest" time="2.792" errors="0" timestamp="2024-02-22T14:26:23 IST" skipped="0">
  <testcase classname="TestCases.Tc_001_homePageTest" name="verify_car_loan" time="2.406"/>
  <system-out/>
  <testcase classname="TestCases.Tc_001_homePageTest" name="scroll_down" time="0.106"/>
  <system-out/>
  <testcase classname="TestCases.Tc_001_homePageTest" name="get_monthly_principal" time="0.198"/>
  <system-out/>
  <testcase classname="TestCases.Tc_001_homePageTest" name="get_monthly_interest" time="0.082"/>
  <system-out/>
</testsuite> <!-- TestCases.Tc_001_homePageTest -->
